# JRE version: OpenJDK Runtime Environment (8.0_402-b08) (build 1.8.0_402-b08)
# Java VM: OpenJDK 64-Bit Server VM (25.402-b08 mixed mode windows-amd64 compressed oops)
Heap:
 PSYoungGen      total 187904K, used 97565K [0x000000076c000000, 0x0000000778d80000, 0x00000007c0000000)
  eden space 174592K, 48% used [0x000000076c000000,0x00000007712ddd28,0x0000000776a80000)
  from space 13312K, 95% used [0x0000000778080000,0x0000000778ce97d8,0x0000000778d80000)
  to   space 17920K, 0% used [0x0000000776a80000,0x0000000776a80000,0x0000000777c00000)
 ParOldGen       total 138752K, used 28970K [0x00000006c4000000, 0x00000006cc780000, 0x000000076c000000)
  object space 138752K, 20% used [0x00000006c4000000,0x00000006c5c4ab10,0x00000006cc780000)
 Metaspace       used 28318K, capacity 28561K, committed 28928K, reserved 1075200K
  class space    used 3505K, capacity 3575K, committed 3584K, reserved 1048576K
GC Heap History (10 events):
Event: 0.975 GC heap before
{Heap before GC invocations=3 (full 0):
 PSYoungGen      total 75264K, used 74630K [0x000000076c000000, 0x0000000775300000, 0x00000007c0000000)
  eden space 64512K, 100% used [0x000000076c000000,0x000000076ff00000,0x000000076ff00000)
  from space 10752K, 94% used [0x0000000770980000,0x0000000771361b10,0x0000000771400000)
  to   space 10752K, 0% used [0x000000076ff00000,0x000000076ff00000,0x0000000770980000)
 ParOldGen       total 172032K, used 10264K [0x00000006c4000000, 0x00000006ce800000, 0x000000076c000000)
  object space 172032K, 5% used [0x00000006c4000000,0x00000006c4a06010,0x00000006ce800000)
 Metaspace       used 17359K, capacity 17566K, committed 17920K, reserved 1064960K
  class space    used 2149K, capacity 2207K, committed 2304K, reserved 1048576K
Event: 0.982 GC heap after
Heap after GC invocations=3 (full 0):
 PSYoungGen      total 75264K, used 10736K [0x000000076c000000, 0x0000000775300000, 0x00000007c0000000)
  eden space 64512K, 0% used [0x000000076c000000,0x000000076c000000,0x000000076ff00000)
  from space 10752K, 99% used [0x000000076ff00000,0x000000077097c268,0x0000000770980000)
  to   space 10752K, 0% used [0x0000000774880000,0x0000000774880000,0x0000000775300000)
 ParOldGen       total 172032K, used 14200K [0x00000006c4000000, 0x00000006ce800000, 0x000000076c000000)
  object space 172032K, 8% used [0x00000006c4000000,0x00000006c4dde010,0x00000006ce800000)
 Metaspace       used 17359K, capacity 17566K, committed 17920K, reserved 1064960K
  class space    used 2149K, capacity 2207K, committed 2304K, reserved 1048576K
}
Event: 1.160 GC heap before
{Heap before GC invocations=4 (full 0):
 PSYoungGen      total 75264K, used 50544K [0x000000076c000000, 0x0000000775300000, 0x00000007c0000000)
  eden space 64512K, 61% used [0x000000076c000000,0x000000076e6dff10,0x000000076ff00000)
  from space 10752K, 99% used [0x000000076ff00000,0x000000077097c268,0x0000000770980000)
  to   space 10752K, 0% used [0x0000000774880000,0x0000000774880000,0x0000000775300000)
 ParOldGen       total 172032K, used 14200K [0x00000006c4000000, 0x00000006ce800000, 0x000000076c000000)
  object space 172032K, 8% used [0x00000006c4000000,0x00000006c4dde010,0x00000006ce800000)
 Metaspace       used 20932K, capacity 21136K, committed 21296K, reserved 1067008K
  class space    used 2812K, capacity 2882K, committed 2944K, reserved 1048576K
Event: 1.171 GC heap after
Heap after GC invocations=4 (full 0):
 PSYoungGen      total 139776K, used 10729K [0x000000076c000000, 0x0000000775300000, 0x00000007c0000000)
  eden space 129024K, 0% used [0x000000076c000000,0x000000076c000000,0x0000000773e00000)
  from space 10752K, 99% used [0x0000000774880000,0x00000007752fa460,0x0000000775300000)
  to   space 10752K, 0% used [0x0000000773e00000,0x0000000773e00000,0x0000000774880000)
 ParOldGen       total 172032K, used 18419K [0x00000006c4000000, 0x00000006ce800000, 0x000000076c000000)
  object space 172032K, 10% used [0x00000006c4000000,0x00000006c51fcc88,0x00000006ce800000)
 Metaspace       used 20932K, capacity 21136K, committed 21296K, reserved 1067008K
  class space    used 2812K, capacity 2882K, committed 2944K, reserved 1048576K
}
Event: 1.171 GC heap before
{Heap before GC invocations=5 (full 1):
 PSYoungGen      total 139776K, used 10729K [0x000000076c000000, 0x0000000775300000, 0x00000007c0000000)
  eden space 129024K, 0% used [0x000000076c000000,0x000000076c000000,0x0000000773e00000)
  from space 10752K, 99% used [0x0000000774880000,0x00000007752fa460,0x0000000775300000)
  to   space 10752K, 0% used [0x0000000773e00000,0x0000000773e00000,0x0000000774880000)
 ParOldGen       total 172032K, used 18419K [0x00000006c4000000, 0x00000006ce800000, 0x000000076c000000)
  object space 172032K, 10% used [0x00000006c4000000,0x00000006c51fcc88,0x00000006ce800000)
 Metaspace       used 20932K, capacity 21136K, committed 21296K, reserved 1067008K
  class space    used 2812K, capacity 2882K, committed 2944K, reserved 1048576K
Event: 1.232 GC heap after
Heap after GC invocations=5 (full 1):
 PSYoungGen      total 139776K, used 0K [0x000000076c000000, 0x0000000775300000, 0x00000007c0000000)
  eden space 129024K, 0% used [0x000000076c000000,0x000000076c000000,0x0000000773e00000)
  from space 10752K, 0% used [0x0000000774880000,0x0000000774880000,0x0000000775300000)
  to   space 10752K, 0% used [0x0000000773e00000,0x0000000773e00000,0x0000000774880000)
 ParOldGen       total 138752K, used 28954K [0x00000006c4000000, 0x00000006cc780000, 0x000000076c000000)
  object space 138752K, 20% used [0x00000006c4000000,0x00000006c5c46b10,0x00000006cc780000)
 Metaspace       used 20932K, capacity 21136K, committed 21296K, reserved 1067008K
  class space    used 2812K, capacity 2882K, committed 2944K, reserved 1048576K
}
Event: 2.303 GC heap before
{Heap before GC invocations=6 (full 1):
 PSYoungGen      total 139776K, used 129024K [0x000000076c000000, 0x0000000775300000, 0x00000007c0000000)
  eden space 129024K, 100% used [0x000000076c000000,0x0000000773e00000,0x0000000773e00000)
  from space 10752K, 0% used [0x0000000774880000,0x0000000774880000,0x0000000775300000)
  to   space 10752K, 0% used [0x0000000773e00000,0x0000000773e00000,0x0000000774880000)
 ParOldGen       total 138752K, used 28954K [0x00000006c4000000, 0x00000006cc780000, 0x000000076c000000)
  object space 138752K, 20% used [0x00000006c4000000,0x00000006c5c46b10,0x00000006cc780000)
 Metaspace       used 27520K, capacity 27729K, committed 28160K, reserved 1073152K
  class space    used 3435K, capacity 3511K, committed 3584K, reserved 1048576K
Event: 2.308 GC heap after
Heap after GC invocations=6 (full 1):
 PSYoungGen      total 139776K, used 8053K [0x000000076c000000, 0x0000000779280000, 0x00000007c0000000)
  eden space 129024K, 0% used [0x000000076c000000,0x000000076c000000,0x0000000773e00000)
  from space 10752K, 74% used [0x0000000773e00000,0x00000007745dd6f0,0x0000000774880000)
  to   space 18432K, 0% used [0x0000000778080000,0x0000000778080000,0x0000000779280000)
 ParOldGen       total 138752K, used 28962K [0x00000006c4000000, 0x00000006cc780000, 0x000000076c000000)
  object space 138752K, 20% used [0x00000006c4000000,0x00000006c5c48b10,0x00000006cc780000)
 Metaspace       used 27520K, capacity 27729K, committed 28160K, reserved 1073152K
  class space    used 3435K, capacity 3511K, committed 3584K, reserved 1048576K
}
Event: 2.594 GC heap before
{Heap before GC invocations=7 (full 1):
 PSYoungGen      total 139776K, used 137077K [0x000000076c000000, 0x0000000779280000, 0x00000007c0000000)
  eden space 129024K, 100% used [0x000000076c000000,0x0000000773e00000,0x0000000773e00000)
  from space 10752K, 74% used [0x0000000773e00000,0x00000007745dd6f0,0x0000000774880000)
  to   space 18432K, 0% used [0x0000000778080000,0x0000000778080000,0x0000000779280000)
 ParOldGen       total 138752K, used 28962K [0x00000006c4000000, 0x00000006cc780000, 0x000000076c000000)
  object space 138752K, 20% used [0x00000006c4000000,0x00000006c5c48b10,0x00000006cc780000)
 Metaspace       used 28087K, capacity 28273K, committed 28672K, reserved 1075200K
  class space    used 3488K, capacity 3543K, committed 3584K, reserved 1048576K
Event: 2.598 GC heap after
Heap after GC invocations=7 (full 1):
 PSYoungGen      total 187904K, used 12709K [0x000000076c000000, 0x0000000778d80000, 0x00000007c0000000)
  eden space 174592K, 0% used [0x000000076c000000,0x000000076c000000,0x0000000776a80000)
  from space 13312K, 95% used [0x0000000778080000,0x0000000778ce97d8,0x0000000778d80000)
  to   space 17920K, 0% used [0x0000000776a80000,0x0000000776a80000,0x0000000777c00000)
 ParOldGen       total 138752K, used 28970K [0x00000006c4000000, 0x00000006cc780000, 0x000000076c000000)
  object space 138752K, 20% used [0x00000006c4000000,0x00000006c5c4ab10,0x00000006cc780000)
 Metaspace       used 28087K, capacity 28273K, committed 28672K, reserved 1075200K
  class space    used 3488K, capacity 3543K, committed 3584K, reserved 1048576K
}

